Info    2021-03-29 16:09:58:0971  DevID:MV-CE013-50GM(00D04457168)  Source-Line:MvCameraControl.dll(CInterfaceManager.cpp-L0863)     Description:Current dynamic library path[E:\Work\HF7211_Soft_100J_WIFI\MvImport\Win64_x64\MvCameraControl.dll]     Solution:
Info    2021-03-29 16:09:58:0971  DevID:MV-CE013-50GM(00D04457168)  Source-Line:MvCameraControl.dll(CInterfaceManager.cpp-L0866)     Description:[MV_CC_CreateHandle] return[0x0]     Solution:
Info    2021-03-29 16:09:58:0971  DevID:MV-CE013-50GM(00D04457168)  Source-Line:MvCameraControl.dll(CInterfaceManager.cpp-L6010)     Description:CamCtrl[0x3000003], GigE SDKVersion[0x3000003], DriverVersion[0x3000001]     Solution:
Info    2021-03-29 16:09:59:0524  DevID:MV-CE013-50GM(00D04457168)  Source-Line:MvCameraControl.dll(CInterfaceManager.cpp-L4097)     Description:[MV_CC_InvalidateNodes] return[0x0]     Solution:
Info    2021-03-29 16:09:59:0524  DevID:MV-CE013-50GM(00D04457168)  Source-Line:MvCameraControl.dll(CInterfaceManager.cpp-L1125)     Description:[MV_CC_OpenDevice] nPrivilegeMode[1], nSwitchoverKey[0], return[0x0]     Solution:
Info    2021-04-08 14:21:42:0857  DevID:MV-CE013-50GM(00D04457168)  Source-Line:MvCameraControl.dll(CInterfaceManager.cpp-L0834)  ProcessName:python.exe(6688)     Description:[GEV Info]DeviceIP[192.168.1.100], NetIP[192.168.1.102], ManufacturerInfo[GEV], DeviceVersion[V2.8.0 171016], UserID[]     Solution:
Info    2021-04-08 14:21:42:0857  DevID:MV-CE013-50GM(00D04457168)  Source-Line:MvCameraControl.dll(CInterfaceManager.cpp-L0949)  ProcessName:python.exe(6688)     Description:CameraControl Dll, Path[C:\Program Files (x86)\Common Files\MVS\Runtime\Win64_x64\MvCameraControl.dll]     Solution:
Info    2021-04-08 14:21:42:0857  DevID:MV-CE013-50GM(00D04457168)  Source-Line:MvCameraControl.dll(CInterfaceManager.cpp-L0952)  ProcessName:python.exe(6688)     Description:[MV_CC_CreateHandle]IsWriteLog[1], Ret[0x0]     Solution:
Info    2021-04-08 14:21:42:0857  DevID:MV-CE013-50GM(00D04457168)  Source-Line:MvCameraControl.dll(CInterfaceManager.cpp-L7638)  ProcessName:python.exe(6688)     Description:CamCtrl[0x3040200], GigE SDKVersion[0x3040100], DriverVersion[0x3040001]     Solution:
Info    2021-04-08 14:21:43:0250  DevID:MV-CE013-50GM(00D04457168)  Source-Line:MvCameraControl.dll(CInterfaceManager.cpp-L3106)  ProcessName:python.exe(6688)     Description:[GetGenICamXML]Get XML success!     Solution:
Info    2021-04-08 14:21:43:0345  DevID:MV-CE013-50GM(00D04457168)  Source-Line:MvCameraControl.dll(CInterfaceManager.cpp-L4899)  ProcessName:python.exe(6688)     Description:[MV_CC_InvalidateNodes]Invalidate Nodes success     Solution:
Info    2021-04-08 14:21:43:0349  DevID:MV-CE013-50GM(00D04457168)  Source-Line:MvCameraControl.dll(CInterfaceManager.cpp-L1392)  ProcessName:python.exe(6688)     Description:[MV_CC_OpenDevice]Open device success! PrivilegeMode[1], SwitchoverKey[0], DeviceUptime[62]     Solution:
Info    2021-04-08 14:22:25:0308  DevID:MV-CE013-50GM(00D04457168)  Source-Line:MvCameraControl.dll(CInterfaceManager.cpp-L0834)  ProcessName:python.exe(10876)     Description:[GEV Info]DeviceIP[192.168.1.100], NetIP[192.168.1.102], ManufacturerInfo[GEV], DeviceVersion[V2.8.0 171016], UserID[]     Solution:
Info    2021-04-08 14:22:25:0308  DevID:MV-CE013-50GM(00D04457168)  Source-Line:MvCameraControl.dll(CInterfaceManager.cpp-L0949)  ProcessName:python.exe(10876)     Description:CameraControl Dll, Path[C:\Program Files (x86)\Common Files\MVS\Runtime\Win64_x64\MvCameraControl.dll]     Solution:
Info    2021-04-08 14:22:25:0308  DevID:MV-CE013-50GM(00D04457168)  Source-Line:MvCameraControl.dll(CInterfaceManager.cpp-L0952)  ProcessName:python.exe(10876)     Description:[MV_CC_CreateHandle]IsWriteLog[1], Ret[0x0]     Solution:
Info    2021-04-08 14:22:25:0308  DevID:MV-CE013-50GM(00D04457168)  Source-Line:MvCameraControl.dll(CInterfaceManager.cpp-L7638)  ProcessName:python.exe(10876)     Description:CamCtrl[0x3040200], GigE SDKVersion[0x3040100], DriverVersion[0x3040001]     Solution:
Info    2021-04-08 14:22:25:0716  DevID:MV-CE013-50GM(00D04457168)  Source-Line:MvCameraControl.dll(CInterfaceManager.cpp-L3106)  ProcessName:python.exe(10876)     Description:[GetGenICamXML]Get XML success!     Solution:
Info    2021-04-08 14:22:25:0815  DevID:MV-CE013-50GM(00D04457168)  Source-Line:MvCameraControl.dll(CInterfaceManager.cpp-L4899)  ProcessName:python.exe(10876)     Description:[MV_CC_InvalidateNodes]Invalidate Nodes success     Solution:
Info    2021-04-08 14:22:25:0818  DevID:MV-CE013-50GM(00D04457168)  Source-Line:MvCameraControl.dll(CInterfaceManager.cpp-L1392)  ProcessName:python.exe(10876)     Description:[MV_CC_OpenDevice]Open device success! PrivilegeMode[1], SwitchoverKey[0], DeviceUptime[104]     Solution:
Info    2021-04-08 14:22:25:0869  DevID:MV-CE013-50GM(00D04457168)  Source-Line:MvCameraControl.dll(CInterfaceManager.cpp-L2082)  ProcessName:python.exe(10876)     Description:[GEV]Width[1280], Height[960], PixelFormat[0x1080001], PayloadSize[1228800], ChunkCount[0], CompressMode[0], DeviceUptime[104]     Solution:
Info    2021-04-08 14:22:25:0889  DevID:MV-CE013-50GM(00D04457168)  Source-Line:MvCameraControl.dll(CInterfaceManager.cpp-L7256)  ProcessName:python.exe(10876)     Description:CamCtrl RecvThread Start, ThreadId[1348]     Solution:
Info    2021-04-08 14:22:25:0889  DevID:MV-CE013-50GM(00D04457168)  Source-Line:MvCameraControl.dll(CInterfaceManager.cpp-L7066)  ProcessName:python.exe(10876)     Description:CamCtrl Display Thread Start, ThreadId[6816]     Solution:
Info    2021-04-08 14:22:25:0902  DevID:MV-CE013-50GM(00D04457168)  Source-Line:MvCameraControl.dll(CInterfaceManager.cpp-L2238)  ProcessName:python.exe(10876)     Description:Start grabbing success, There is no registration callback.     Solution:
Info    2021-04-08 14:24:52:0890  DevID:MV-CE013-50GM(00D04457168)  Source-Line:MvCameraControl.dll(CInterfaceManager.cpp-L0834)  ProcessName:python.exe(17020)     Description:[GEV Info]DeviceIP[192.168.1.100], NetIP[192.168.1.102], ManufacturerInfo[GEV], DeviceVersion[V2.8.0 171016], UserID[]     Solution:
Info    2021-04-08 14:24:52:0890  DevID:MV-CE013-50GM(00D04457168)  Source-Line:MvCameraControl.dll(CInterfaceManager.cpp-L0949)  ProcessName:python.exe(17020)     Description:CameraControl Dll, Path[C:\Program Files (x86)\Common Files\MVS\Runtime\Win64_x64\MvCameraControl.dll]     Solution:
Info    2021-04-08 14:24:52:0890  DevID:MV-CE013-50GM(00D04457168)  Source-Line:MvCameraControl.dll(CInterfaceManager.cpp-L0952)  ProcessName:python.exe(17020)     Description:[MV_CC_CreateHandle]IsWriteLog[1], Ret[0x0]     Solution:
Info    2021-04-08 14:24:52:0891  DevID:MV-CE013-50GM(00D04457168)  Source-Line:MvCameraControl.dll(CInterfaceManager.cpp-L7638)  ProcessName:python.exe(17020)     Description:CamCtrl[0x3040200], GigE SDKVersion[0x3040100], DriverVersion[0x3040001]     Solution:
Info    2021-04-08 14:24:53:0276  DevID:MV-CE013-50GM(00D04457168)  Source-Line:MvCameraControl.dll(CInterfaceManager.cpp-L3106)  ProcessName:python.exe(17020)     Description:[GetGenICamXML]Get XML success!     Solution:
Info    2021-04-08 14:24:53:0366  DevID:MV-CE013-50GM(00D04457168)  Source-Line:MvCameraControl.dll(CInterfaceManager.cpp-L4899)  ProcessName:python.exe(17020)     Description:[MV_CC_InvalidateNodes]Invalidate Nodes success     Solution:
Info    2021-04-08 14:24:53:0369  DevID:MV-CE013-50GM(00D04457168)  Source-Line:MvCameraControl.dll(CInterfaceManager.cpp-L1392)  ProcessName:python.exe(17020)     Description:[MV_CC_OpenDevice]Open device success! PrivilegeMode[1], SwitchoverKey[0], DeviceUptime[252]     Solution:
Info    2021-04-08 14:24:53:0416  DevID:MV-CE013-50GM(00D04457168)  Source-Line:MvCameraControl.dll(CInterfaceManager.cpp-L2082)  ProcessName:python.exe(17020)     Description:[GEV]Width[1280], Height[960], PixelFormat[0x1080001], PayloadSize[1228800], ChunkCount[0], CompressMode[0], DeviceUptime[252]     Solution:
Info    2021-04-08 14:24:53:0436  DevID:MV-CE013-50GM(00D04457168)  Source-Line:MvCameraControl.dll(CInterfaceManager.cpp-L7256)  ProcessName:python.exe(17020)     Description:CamCtrl RecvThread Start, ThreadId[8736]     Solution:
Info    2021-04-08 14:24:53:0436  DevID:MV-CE013-50GM(00D04457168)  Source-Line:MvCameraControl.dll(CInterfaceManager.cpp-L7066)  ProcessName:python.exe(17020)     Description:CamCtrl Display Thread Start, ThreadId[8936]     Solution:
Info    2021-04-08 14:24:53:0449  DevID:MV-CE013-50GM(00D04457168)  Source-Line:MvCameraControl.dll(CInterfaceManager.cpp-L2238)  ProcessName:python.exe(17020)     Description:Start grabbing success, There is no registration callback.     Solution:
Info    2021-04-08 14:30:53:0120  DevID:MV-CE013-50GM(00D04457168)  Source-Line:MvCameraControl.dll(CInterfaceManager.cpp-L0834)  ProcessName:python.exe(10776)     Description:[GEV Info]DeviceIP[192.168.1.100], NetIP[192.168.1.102], ManufacturerInfo[GEV], DeviceVersion[V2.8.0 171016], UserID[]     Solution:
Info    2021-04-08 14:30:53:0120  DevID:MV-CE013-50GM(00D04457168)  Source-Line:MvCameraControl.dll(CInterfaceManager.cpp-L0949)  ProcessName:python.exe(10776)     Description:CameraControl Dll, Path[C:\Program Files (x86)\Common Files\MVS\Runtime\Win64_x64\MvCameraControl.dll]     Solution:
Info    2021-04-08 14:30:53:0120  DevID:MV-CE013-50GM(00D04457168)  Source-Line:MvCameraControl.dll(CInterfaceManager.cpp-L0952)  ProcessName:python.exe(10776)     Description:[MV_CC_CreateHandle]IsWriteLog[1], Ret[0x0]     Solution:
Info    2021-04-08 14:30:53:0120  DevID:MV-CE013-50GM(00D04457168)  Source-Line:MvCameraControl.dll(CInterfaceManager.cpp-L7638)  ProcessName:python.exe(10776)     Description:CamCtrl[0x3040200], GigE SDKVersion[0x3040100], DriverVersion[0x3040001]     Solution:
Info    2021-04-08 14:30:53:0524  DevID:MV-CE013-50GM(00D04457168)  Source-Line:MvCameraControl.dll(CInterfaceManager.cpp-L3106)  ProcessName:python.exe(10776)     Description:[GetGenICamXML]Get XML success!     Solution:
Info    2021-04-08 14:30:53:0614  DevID:MV-CE013-50GM(00D04457168)  Source-Line:MvCameraControl.dll(CInterfaceManager.cpp-L4899)  ProcessName:python.exe(10776)     Description:[MV_CC_InvalidateNodes]Invalidate Nodes success     Solution:
Info    2021-04-08 14:30:53:0618  DevID:MV-CE013-50GM(00D04457168)  Source-Line:MvCameraControl.dll(CInterfaceManager.cpp-L1392)  ProcessName:python.exe(10776)     Description:[MV_CC_OpenDevice]Open device success! PrivilegeMode[1], SwitchoverKey[0], DeviceUptime[612]     Solution:
Info    2021-04-08 14:30:53:0669  DevID:MV-CE013-50GM(00D04457168)  Source-Line:MvCameraControl.dll(CInterfaceManager.cpp-L2082)  ProcessName:python.exe(10776)     Description:[GEV]Width[1280], Height[960], PixelFormat[0x1080001], PayloadSize[1228800], ChunkCount[0], CompressMode[0], DeviceUptime[612]     Solution:
Info    2021-04-08 14:30:53:0688  DevID:MV-CE013-50GM(00D04457168)  Source-Line:MvCameraControl.dll(CInterfaceManager.cpp-L7256)  ProcessName:python.exe(10776)     Description:CamCtrl RecvThread Start, ThreadId[6112]     Solution:
Info    2021-04-08 14:30:53:0689  DevID:MV-CE013-50GM(00D04457168)  Source-Line:MvCameraControl.dll(CInterfaceManager.cpp-L7066)  ProcessName:python.exe(10776)     Description:CamCtrl Display Thread Start, ThreadId[15780]     Solution:
Info    2021-04-08 14:30:53:0702  DevID:MV-CE013-50GM(00D04457168)  Source-Line:MvCameraControl.dll(CInterfaceManager.cpp-L2238)  ProcessName:python.exe(10776)     Description:Start grabbing success, There is no registration callback.     Solution:
Info    2021-04-08 14:54:26:0867  DevID:MV-CE013-50GM(00D04457168)  Source-Line:MvCameraControl.dll(CInterfaceManager.cpp-L0834)  ProcessName:python.exe(15424)     Description:[GEV Info]DeviceIP[192.168.1.100], NetIP[192.168.1.102], ManufacturerInfo[GEV], DeviceVersion[V2.8.0 171016], UserID[]     Solution:
Info    2021-04-08 14:54:26:0867  DevID:MV-CE013-50GM(00D04457168)  Source-Line:MvCameraControl.dll(CInterfaceManager.cpp-L0949)  ProcessName:python.exe(15424)     Description:CameraControl Dll, Path[C:\Program Files (x86)\Common Files\MVS\Runtime\Win64_x64\MvCameraControl.dll]     Solution:
Info    2021-04-08 14:54:26:0867  DevID:MV-CE013-50GM(00D04457168)  Source-Line:MvCameraControl.dll(CInterfaceManager.cpp-L0952)  ProcessName:python.exe(15424)     Description:[MV_CC_CreateHandle]IsWriteLog[1], Ret[0x0]     Solution:
Info    2021-04-08 14:54:26:0867  DevID:MV-CE013-50GM(00D04457168)  Source-Line:MvCameraControl.dll(CInterfaceManager.cpp-L7638)  ProcessName:python.exe(15424)     Description:CamCtrl[0x3040200], GigE SDKVersion[0x3040100], DriverVersion[0x3040001]     Solution:
Info    2021-04-08 14:54:27:0284  DevID:MV-CE013-50GM(00D04457168)  Source-Line:MvCameraControl.dll(CInterfaceManager.cpp-L3106)  ProcessName:python.exe(15424)     Description:[GetGenICamXML]Get XML success!     Solution:
Info    2021-04-08 14:54:27:0370  DevID:MV-CE013-50GM(00D04457168)  Source-Line:MvCameraControl.dll(CInterfaceManager.cpp-L4899)  ProcessName:python.exe(15424)     Description:[MV_CC_InvalidateNodes]Invalidate Nodes success     Solution:
Info    2021-04-08 14:54:27:0373  DevID:MV-CE013-50GM(00D04457168)  Source-Line:MvCameraControl.dll(CInterfaceManager.cpp-L1392)  ProcessName:python.exe(15424)     Description:[MV_CC_OpenDevice]Open device success! PrivilegeMode[1], SwitchoverKey[0], DeviceUptime[2026]     Solution:
Info    2021-04-08 14:54:27:0427  DevID:MV-CE013-50GM(00D04457168)  Source-Line:MvCameraControl.dll(CInterfaceManager.cpp-L2082)  ProcessName:python.exe(15424)     Description:[GEV]Width[1280], Height[960], PixelFormat[0x1080001], PayloadSize[1228800], ChunkCount[0], CompressMode[0], DeviceUptime[2026]     Solution:
Info    2021-04-08 14:54:27:0446  DevID:MV-CE013-50GM(00D04457168)  Source-Line:MvCameraControl.dll(CInterfaceManager.cpp-L7256)  ProcessName:python.exe(15424)     Description:CamCtrl RecvThread Start, ThreadId[13128]     Solution:
Info    2021-04-08 14:54:27:0447  DevID:MV-CE013-50GM(00D04457168)  Source-Line:MvCameraControl.dll(CInterfaceManager.cpp-L7066)  ProcessName:python.exe(15424)     Description:CamCtrl Display Thread Start, ThreadId[10592]     Solution:
Info    2021-04-08 14:54:27:0461  DevID:MV-CE013-50GM(00D04457168)  Source-Line:MvCameraControl.dll(CInterfaceManager.cpp-L2238)  ProcessName:python.exe(15424)     Description:Start grabbing success, There is no registration callback.     Solution:
Info    2021-04-08 15:33:30:0506  DevID:MV-CE013-50GM(00D04457168)  Source-Line:MvCameraControl.dll(CInterfaceManager.cpp-L0834)  ProcessName:python.exe(8600)     Description:[GEV Info]DeviceIP[192.168.1.100], NetIP[192.168.1.102], ManufacturerInfo[GEV], DeviceVersion[V2.8.0 171016], UserID[]     Solution:
Info    2021-04-08 15:33:30:0506  DevID:MV-CE013-50GM(00D04457168)  Source-Line:MvCameraControl.dll(CInterfaceManager.cpp-L0949)  ProcessName:python.exe(8600)     Description:CameraControl Dll, Path[C:\Program Files (x86)\Common Files\MVS\Runtime\Win64_x64\MvCameraControl.dll]     Solution:
Info    2021-04-08 15:33:30:0506  DevID:MV-CE013-50GM(00D04457168)  Source-Line:MvCameraControl.dll(CInterfaceManager.cpp-L0952)  ProcessName:python.exe(8600)     Description:[MV_CC_CreateHandle]IsWriteLog[1], Ret[0x0]     Solution:
Info    2021-04-08 15:33:30:0506  DevID:MV-CE013-50GM(00D04457168)  Source-Line:MvCameraControl.dll(CInterfaceManager.cpp-L7638)  ProcessName:python.exe(8600)     Description:CamCtrl[0x3040200], GigE SDKVersion[0x3040100], DriverVersion[0x3040001]     Solution:
Info    2021-04-08 15:33:30:0885  DevID:MV-CE013-50GM(00D04457168)  Source-Line:MvCameraControl.dll(CInterfaceManager.cpp-L3106)  ProcessName:python.exe(8600)     Description:[GetGenICamXML]Get XML success!     Solution:
Info    2021-04-08 15:33:30:0975  DevID:MV-CE013-50GM(00D04457168)  Source-Line:MvCameraControl.dll(CInterfaceManager.cpp-L4899)  ProcessName:python.exe(8600)     Description:[MV_CC_InvalidateNodes]Invalidate Nodes success     Solution:
Info    2021-04-08 15:33:30:0978  DevID:MV-CE013-50GM(00D04457168)  Source-Line:MvCameraControl.dll(CInterfaceManager.cpp-L1392)  ProcessName:python.exe(8600)     Description:[MV_CC_OpenDevice]Open device success! PrivilegeMode[1], SwitchoverKey[0], DeviceUptime[4369]     Solution:
Info    2021-04-08 15:33:31:0026  DevID:MV-CE013-50GM(00D04457168)  Source-Line:MvCameraControl.dll(CInterfaceManager.cpp-L2082)  ProcessName:python.exe(8600)     Description:[GEV]Width[1280], Height[960], PixelFormat[0x1080001], PayloadSize[1228800], ChunkCount[0], CompressMode[0], DeviceUptime[4369]     Solution:
Info    2021-04-08 15:33:31:0043  DevID:MV-CE013-50GM(00D04457168)  Source-Line:MvCameraControl.dll(CInterfaceManager.cpp-L7256)  ProcessName:python.exe(8600)     Description:CamCtrl RecvThread Start, ThreadId[11188]     Solution:
Info    2021-04-08 15:33:31:0044  DevID:MV-CE013-50GM(00D04457168)  Source-Line:MvCameraControl.dll(CInterfaceManager.cpp-L7066)  ProcessName:python.exe(8600)     Description:CamCtrl Display Thread Start, ThreadId[656]     Solution:
Info    2021-04-08 15:33:31:0057  DevID:MV-CE013-50GM(00D04457168)  Source-Line:MvCameraControl.dll(CInterfaceManager.cpp-L2238)  ProcessName:python.exe(8600)     Description:Start grabbing success, There is no registration callback.     Solution:
Info    2021-04-08 15:59:56:0752  DevID:MV-CE013-50GM(00D04457168)  Source-Line:MvCameraControl.dll(CInterfaceManager.cpp-L0834)  ProcessName:python.exe(2244)     Description:[GEV Info]DeviceIP[192.168.1.100], NetIP[192.168.1.102], ManufacturerInfo[GEV], DeviceVersion[V2.8.0 171016], UserID[]     Solution:
Info    2021-04-08 15:59:56:0752  DevID:MV-CE013-50GM(00D04457168)  Source-Line:MvCameraControl.dll(CInterfaceManager.cpp-L0949)  ProcessName:python.exe(2244)     Description:CameraControl Dll, Path[C:\Program Files (x86)\Common Files\MVS\Runtime\Win64_x64\MvCameraControl.dll]     Solution:
Info    2021-04-08 15:59:56:0752  DevID:MV-CE013-50GM(00D04457168)  Source-Line:MvCameraControl.dll(CInterfaceManager.cpp-L0952)  ProcessName:python.exe(2244)     Description:[MV_CC_CreateHandle]IsWriteLog[1], Ret[0x0]     Solution:
Info    2021-04-08 15:59:56:0752  DevID:MV-CE013-50GM(00D04457168)  Source-Line:MvCameraControl.dll(CInterfaceManager.cpp-L7638)  ProcessName:python.exe(2244)     Description:CamCtrl[0x3040200], GigE SDKVersion[0x3040100], DriverVersion[0x3040001]     Solution:
Info    2021-04-08 15:59:57:0153  DevID:MV-CE013-50GM(00D04457168)  Source-Line:MvCameraControl.dll(CInterfaceManager.cpp-L3106)  ProcessName:python.exe(2244)     Description:[GetGenICamXML]Get XML success!     Solution:
Info    2021-04-08 15:59:57:0242  DevID:MV-CE013-50GM(00D04457168)  Source-Line:MvCameraControl.dll(CInterfaceManager.cpp-L4899)  ProcessName:python.exe(2244)     Description:[MV_CC_InvalidateNodes]Invalidate Nodes success     Solution:
Info    2021-04-08 15:59:57:0245  DevID:MV-CE013-50GM(00D04457168)  Source-Line:MvCameraControl.dll(CInterfaceManager.cpp-L1392)  ProcessName:python.exe(2244)     Description:[MV_CC_OpenDevice]Open device success! PrivilegeMode[1], SwitchoverKey[0], DeviceUptime[5956]     Solution:
Info    2021-04-08 15:59:57:0293  DevID:MV-CE013-50GM(00D04457168)  Source-Line:MvCameraControl.dll(CInterfaceManager.cpp-L2082)  ProcessName:python.exe(2244)     Description:[GEV]Width[1280], Height[960], PixelFormat[0x1080001], PayloadSize[1228800], ChunkCount[0], CompressMode[0], DeviceUptime[5956]     Solution:
Info    2021-04-08 15:59:57:0312  DevID:MV-CE013-50GM(00D04457168)  Source-Line:MvCameraControl.dll(CInterfaceManager.cpp-L7256)  ProcessName:python.exe(2244)     Description:CamCtrl RecvThread Start, ThreadId[2512]     Solution:
Info    2021-04-08 15:59:57:0312  DevID:MV-CE013-50GM(00D04457168)  Source-Line:MvCameraControl.dll(CInterfaceManager.cpp-L7066)  ProcessName:python.exe(2244)     Description:CamCtrl Display Thread Start, ThreadId[16716]     Solution:
Info    2021-04-08 15:59:57:0325  DevID:MV-CE013-50GM(00D04457168)  Source-Line:MvCameraControl.dll(CInterfaceManager.cpp-L2238)  ProcessName:python.exe(2244)     Description:Start grabbing success, There is no registration callback.     Solution:
